
2023-12-05 13:17:13,659 +0530 [main] INFO  (org.aia.pages.fonteva.membership.ContactCreateUser:234) - Users First Name:autofnYgHX
2023-12-05 13:17:13,668 +0530 [main] INFO  (org.aia.pages.fonteva.membership.ContactCreateUser:237) - Users Last Name:autolnipbx
2023-12-05 13:17:13,668 +0530 [main] INFO  (org.aia.pages.fonteva.membership.ContactCreateUser:246) - Email:auto_wonx12052023@architects-team.m8r.co
2023-12-05 13:31:03,854 +0530 [main] INFO  (org.aia.pages.fonteva.membership.ContactCreateUser:234) - Users First Name:autofnCSUA
2023-12-05 13:31:03,870 +0530 [main] INFO  (org.aia.pages.fonteva.membership.ContactCreateUser:237) - Users Last Name:autolnlzUY
2023-12-05 13:31:03,870 +0530 [main] INFO  (org.aia.pages.fonteva.membership.ContactCreateUser:246) - Email:auto_hzre12052023@architects-team.m8r.co
2023-12-06 11:49:23,861 +0530 [main] INFO  (org.aia.pages.fonteva.membership.ContactCreateUser:234) - Users First Name:autofnyOHs
2023-12-06 11:49:23,868 +0530 [main] INFO  (org.aia.pages.fonteva.membership.ContactCreateUser:237) - Users Last Name:autolnNhrn
2023-12-06 11:49:23,870 +0530 [main] INFO  (org.aia.pages.fonteva.membership.ContactCreateUser:246) - Email:auto_qiii12062023@architects-team.m8r.co

2023-11-14 17:54:30,736 +0530 [main] INFO  (org.aia.utility.Logging:62) - {"links":["https:\/\/account-dev.aia.org\/confirm-signup?code=284544&username=YXV0b19randuMTExNDIwMjNAYXJjaGl0ZWN0cy10ZWFtLm04ci5jbw%3D%3D"]}
2023-11-15 11:59:28,677 +0530 [main] INFO  (org.aia.utility.Logging:62) - {"links":["https:\/\/account-dev.aia.org\/confirm-signup?code=910243&username=YXV0b19nZmNrMTExNTIwMjNAYXJjaGl0ZWN0cy10ZWFtLm04ci5jbw%3D%3D"]}
2023-11-24 17:35:00,441 +0530 [main] INFO  (org.aia.utility.Logging:62) - {"links":["https:\/\/account-dev.aia.org\/confirm-signup?code=794289&username=YXV0b19wbm1sMTEyNDIwMjNAYXJjaGl0ZWN0cy10ZWFtLm04ci5jbw%3D%3D"]}
2023-11-24 17:41:56,526 +0530 [main] INFO  (org.aia.utility.Logging:62) - {"links":["https:\/\/account-dev.aia.org\/confirm-signup?code=884572&username=YXV0b19saWFtMTEyNDIwMjNAYXJjaGl0ZWN0cy10ZWFtLm04ci5jbw%3D%3D"]}
2023-11-24 17:54:19,384 +0530 [main] INFO  (org.aia.utility.Logging:62) - {"links":["https:\/\/account-dev.aia.org\/confirm-signup?code=295850&username=YXV0b195emhqMTEyNDIwMjNAYXJjaGl0ZWN0cy10ZWFtLm04ci5jbw%3D%3D"]}
2023-11-27 10:45:44,212 +0530 [main] INFO  (org.aia.utility.Logging:62) - {"links":["https:\/\/account-dev.aia.org\/confirm-signup?code=618464&username=YXV0b19ubmxjMTEyNzIwMjNAYXJjaGl0ZWN0cy10ZWFtLm04ci5jbw%3D%3D"]}
2023-11-27 10:52:12,728 +0530 [main] INFO  (org.aia.utility.Logging:62) - {"links":["https:\/\/account-dev.aia.org\/confirm-signup?code=390403&username=YXV0b194ZGxvMTEyNzIwMjNAYXJjaGl0ZWN0cy10ZWFtLm04ci5jbw%3D%3D"]}
2023-11-27 11:10:30,593 +0530 [main] INFO  (org.aia.utility.Logging:62) - {"links":["https:\/\/account-dev.aia.org\/confirm-signup?code=223677&username=YXV0b196YWxkMTEyNzIwMjNAYXJjaGl0ZWN0cy10ZWFtLm04ci5jbw%3D%3D"]}
2023-11-27 11:31:44,597 +0530 [main] INFO  (org.aia.utility.Logging:62) - {"links":["https:\/\/account-dev.aia.org\/confirm-signup?code=562151&username=YXV0b19vZXRtMTEyNzIwMjNAYXJjaGl0ZWN0cy10ZWFtLm04ci5jbw%3D%3D"]}
2023-11-27 12:05:02,063 +0530 [main] INFO  (org.aia.utility.Logging:62) - {"links":["https:\/\/account-dev.aia.org\/confirm-signup?code=272440&username=YXV0b191eXViMTEyNzIwMjNAYXJjaGl0ZWN0cy10ZWFtLm04ci5jbw%3D%3D"]}
2023-11-27 12:35:07,173 +0530 [main] INFO  (org.aia.utility.Logging:62) - {"links":["https:\/\/account-dev.aia.org\/confirm-signup?code=984245&username=YXV0b19kbGliMTEyNzIwMjNAYXJjaGl0ZWN0cy10ZWFtLm04ci5jbw%3D%3D"]}
2023-11-27 12:47:02,449 +0530 [main] INFO  (org.aia.utility.Logging:62) - {"links":["https:\/\/account-dev.aia.org\/confirm-signup?code=678935&username=YXV0b19rZ2ZwMTEyNzIwMjNAYXJjaGl0ZWN0cy10ZWFtLm04ci5jbw%3D%3D"]}
2023-11-27 13:00:44,249 +0530 [main] INFO  (org.aia.utility.Logging:62) - {"links":["https:\/\/account-dev.aia.org\/confirm-signup?code=097902&username=YXV0b19jZWVpMTEyNzIwMjNAYXJjaGl0ZWN0cy10ZWFtLm04ci5jbw%3D%3D"]}
2023-11-27 13:13:51,785 +0530 [main] INFO  (org.aia.utility.Logging:62) - {"links":["https:\/\/account-dev.aia.org\/confirm-signup?code=562592&username=YXV0b19wbnRwMTEyNzIwMjNAYXJjaGl0ZWN0cy10ZWFtLm04ci5jbw%3D%3D"]}
2023-11-27 13:45:06,554 +0530 [main] INFO  (org.aia.utility.Logging:62) - {"links":["https:\/\/account-dev.aia.org\/confirm-signup?code=132652&username=YXV0b195ZWxmMTEyNzIwMjNAYXJjaGl0ZWN0cy10ZWFtLm04ci5jbw%3D%3D"]}
2023-11-27 14:59:18,741 +0530 [main] INFO  (org.aia.utility.Logging:62) - {"links":["https:\/\/account-dev.aia.org\/confirm-signup?code=979904&username=YXV0b19qZGh4MTEyNzIwMjNAYXJjaGl0ZWN0cy10ZWFtLm04ci5jbw%3D%3D"]}
2023-11-28 12:49:30,667 +0530 [main] INFO  (org.aia.utility.Logging:62) - {"links":["https:\/\/account-dev.aia.org\/confirm-signup?code=012346&username=YXV0b19ycWhtMTEyODIwMjNAYXJjaGl0ZWN0cy10ZWFtLm04ci5jbw%3D%3D"]}
2023-11-28 16:37:28,356 +0530 [main] INFO  (org.aia.pages.fonteva.membership.ContactCreateUser:228) - Users First Name:autofnuGUd
2023-11-28 16:37:28,364 +0530 [main] INFO  (org.aia.pages.fonteva.membership.ContactCreateUser:231) - Users Last Name:autolnAdsS
2023-11-28 16:37:28,368 +0530 [main] INFO  (org.aia.pages.fonteva.membership.ContactCreateUser:240) - Email:auto_jhqf11282023@architects-team.m8r.co
2023-11-28 16:38:36,698 +0530 [main] INFO  (org.aia.pages.fonteva.membership.ContactCreateUser:228) - Users First Name:autofnePse
2023-11-28 16:38:36,704 +0530 [main] INFO  (org.aia.pages.fonteva.membership.ContactCreateUser:231) - Users Last Name:autolnwhfQ
2023-11-28 16:38:36,704 +0530 [main] INFO  (org.aia.pages.fonteva.membership.ContactCreateUser:240) - Email:auto_sbzp11282023@architects-team.m8r.co
2023-11-28 16:39:33,983 +0530 [main] INFO  (org.aia.pages.fonteva.membership.ContactCreateUser:228) - Users First Name:autofnVzcK
2023-11-28 16:39:33,987 +0530 [main] INFO  (org.aia.pages.fonteva.membership.ContactCreateUser:231) - Users Last Name:autolnRwUC
2023-11-28 16:39:33,987 +0530 [main] INFO  (org.aia.pages.fonteva.membership.ContactCreateUser:240) - Email:auto_sfwm11282023@architects-team.m8r.co
2023-11-28 18:36:59,338 +0530 [main] INFO  (org.aia.pages.fonteva.membership.ContactCreateUser:228) - Users First Name:autofnpfzU
2023-11-28 18:36:59,341 +0530 [main] INFO  (org.aia.pages.fonteva.membership.ContactCreateUser:231) - Users Last Name:autolnOHil
2023-11-28 18:36:59,341 +0530 [main] INFO  (org.aia.pages.fonteva.membership.ContactCreateUser:240) - Email:auto_ndzs11282023@architects-team.m8r.co
2023-11-28 18:38:37,620 +0530 [main] INFO  (org.aia.pages.fonteva.membership.ContactCreateUser:228) - Users First Name:autofnRMee
2023-11-28 18:38:37,620 +0530 [main] INFO  (org.aia.pages.fonteva.membership.ContactCreateUser:231) - Users Last Name:autolnsDle
2023-11-28 18:38:37,620 +0530 [main] INFO  (org.aia.pages.fonteva.membership.ContactCreateUser:240) - Email:auto_moua11282023@architects-team.m8r.co
2023-11-28 18:50:00,639 +0530 [main] INFO  (org.aia.pages.fonteva.membership.ContactCreateUser:228) - Users First Name:autofnxhKd
2023-11-28 18:50:00,642 +0530 [main] INFO  (org.aia.pages.fonteva.membership.ContactCreateUser:231) - Users Last Name:autolnpITP
2023-11-28 18:50:00,643 +0530 [main] INFO  (org.aia.pages.fonteva.membership.ContactCreateUser:240) - Email:auto_hmxm11282023@architects-team.m8r.co
2023-11-28 18:59:43,356 +0530 [main] INFO  (org.aia.pages.fonteva.membership.ContactCreateUser:231) - Users First Name:autofnEXYl
2023-11-28 18:59:43,356 +0530 [main] INFO  (org.aia.pages.fonteva.membership.ContactCreateUser:234) - Users Last Name:autolnQzjS
2023-11-28 18:59:43,356 +0530 [main] INFO  (org.aia.pages.fonteva.membership.ContactCreateUser:243) - Email:auto_jerw11282023@architects-team.m8r.co
2023-11-28 19:10:19,499 +0530 [main] INFO  (org.aia.pages.fonteva.membership.ContactCreateUser:231) - Users First Name:autofnbskO
2023-11-28 19:10:19,499 +0530 [main] INFO  (org.aia.pages.fonteva.membership.ContactCreateUser:234) - Users Last Name:autolnFRCW
2023-11-28 19:10:19,499 +0530 [main] INFO  (org.aia.pages.fonteva.membership.ContactCreateUser:243) - Email:auto_zdax11282023@architects-team.m8r.co
2023-11-28 19:29:37,834 +0530 [main] INFO  (org.aia.pages.fonteva.membership.ContactCreateUser:231) - Users First Name:autofnMYxk
2023-11-28 19:29:37,847 +0530 [main] INFO  (org.aia.pages.fonteva.membership.ContactCreateUser:234) - Users Last Name:autolnyLPJ
2023-11-28 19:29:37,850 +0530 [main] INFO  (org.aia.pages.fonteva.membership.ContactCreateUser:243) - Email:auto_vjce11282023@architects-team.m8r.co
2023-11-28 19:30:53,686 +0530 [main] INFO  (org.aia.pages.fonteva.membership.ContactCreateUser:231) - Users First Name:autofnpNqx
2023-11-28 19:30:53,689 +0530 [main] INFO  (org.aia.pages.fonteva.membership.ContactCreateUser:234) - Users Last Name:autolnakhX
2023-11-28 19:30:53,690 +0530 [main] INFO  (org.aia.pages.fonteva.membership.ContactCreateUser:243) - Email:auto_uhoh11282023@architects-team.m8r.co
2023-11-28 19:31:47,115 +0530 [main] INFO  (org.aia.pages.fonteva.membership.ContactCreateUser:231) - Users First Name:autofntwQm
2023-11-28 19:31:47,119 +0530 [main] INFO  (org.aia.pages.fonteva.membership.ContactCreateUser:234) - Users Last Name:autolnEJiA
2023-11-28 19:31:47,119 +0530 [main] INFO  (org.aia.pages.fonteva.membership.ContactCreateUser:243) - Email:auto_mqgr11282023@architects-team.m8r.co
2023-11-28 19:55:51,591 +0530 [main] INFO  (org.aia.pages.fonteva.membership.ContactCreateUser:231) - Users First Name:autofnZRER
2023-11-28 19:55:51,591 +0530 [main] INFO  (org.aia.pages.fonteva.membership.ContactCreateUser:234) - Users Last Name:autolnBFbd
2023-11-28 19:55:51,591 +0530 [main] INFO  (org.aia.pages.fonteva.membership.ContactCreateUser:243) - Email:auto_vlqt11282023@architects-team.m8r.co
2023-11-28 20:10:39,968 +0530 [main] INFO  (org.aia.pages.fonteva.membership.ContactCreateUser:231) - Users First Name:autofnNKJm
2023-11-28 20:10:39,971 +0530 [main] INFO  (org.aia.pages.fonteva.membership.ContactCreateUser:234) - Users Last Name:autolndZIi
2023-11-28 20:10:39,972 +0530 [main] INFO  (org.aia.pages.fonteva.membership.ContactCreateUser:243) - Email:auto_clqx11282023@architects-team.m8r.co
2023-11-28 20:20:43,476 +0530 [main] INFO  (org.aia.pages.fonteva.membership.ContactCreateUser:231) - Users First Name:autofnUFsQ
2023-11-28 20:20:43,481 +0530 [main] INFO  (org.aia.pages.fonteva.membership.ContactCreateUser:234) - Users Last Name:autolnPuWa
2023-11-28 20:20:43,482 +0530 [main] INFO  (org.aia.pages.fonteva.membership.ContactCreateUser:243) - Email:auto_sgmv11282023@architects-team.m8r.co
2023-11-28 20:26:07,241 +0530 [main] INFO  (org.aia.pages.fonteva.membership.ContactCreateUser:231) - Users First Name:autofniZHX
2023-11-28 20:26:07,246 +0530 [main] INFO  (org.aia.pages.fonteva.membership.ContactCreateUser:234) - Users Last Name:autolnWgmS
2023-11-28 20:26:07,248 +0530 [main] INFO  (org.aia.pages.fonteva.membership.ContactCreateUser:243) - Email:auto_ixyj11282023@architects-team.m8r.co
2023-11-29 10:49:22,295 +0530 [main] INFO  (org.aia.pages.fonteva.membership.ContactCreateUser:231) - Users First Name:autofnZDzz
2023-11-29 10:49:22,310 +0530 [main] INFO  (org.aia.pages.fonteva.membership.ContactCreateUser:234) - Users Last Name:autolnyZtt
2023-11-29 10:49:22,310 +0530 [main] INFO  (org.aia.pages.fonteva.membership.ContactCreateUser:243) - Email:auto_sick11292023@architects-team.m8r.co
2023-11-29 10:56:18,732 +0530 [main] INFO  (org.aia.pages.fonteva.membership.ContactCreateUser:231) - Users First Name:autofnnyTT
2023-11-29 10:56:18,737 +0530 [main] INFO  (org.aia.pages.fonteva.membership.ContactCreateUser:234) - Users Last Name:autolnJnfd
2023-11-29 10:56:18,737 +0530 [main] INFO  (org.aia.pages.fonteva.membership.ContactCreateUser:243) - Email:auto_orgz11292023@architects-team.m8r.co
2023-11-29 11:04:46,694 +0530 [main] INFO  (org.aia.pages.fonteva.membership.ContactCreateUser:231) - Users First Name:autofnRbhl
2023-11-29 11:04:46,704 +0530 [main] INFO  (org.aia.pages.fonteva.membership.ContactCreateUser:234) - Users Last Name:autolnHoHR
2023-11-29 11:04:46,704 +0530 [main] INFO  (org.aia.pages.fonteva.membership.ContactCreateUser:243) - Email:auto_jfmm11292023@architects-team.m8r.co
2023-11-29 11:21:10,603 +0530 [main] INFO  (org.aia.pages.fonteva.membership.ContactCreateUser:231) - Users First Name:autofnjlaY
2023-11-29 11:21:10,611 +0530 [main] INFO  (org.aia.pages.fonteva.membership.ContactCreateUser:234) - Users Last Name:autolnQcmZ
2023-11-29 11:21:10,611 +0530 [main] INFO  (org.aia.pages.fonteva.membership.ContactCreateUser:243) - Email:auto_qkfn11292023@architects-team.m8r.co
2023-11-29 11:29:18,400 +0530 [main] INFO  (org.aia.pages.fonteva.membership.ContactCreateUser:231) - Users First Name:autofnbIxD
2023-11-29 11:29:18,406 +0530 [main] INFO  (org.aia.pages.fonteva.membership.ContactCreateUser:234) - Users Last Name:autolnIuRF
2023-11-29 11:29:18,407 +0530 [main] INFO  (org.aia.pages.fonteva.membership.ContactCreateUser:243) - Email:auto_rvmu11292023@architects-team.m8r.co
2023-11-29 11:50:25,414 +0530 [main] INFO  (org.aia.pages.fonteva.membership.ContactCreateUser:231) - Users First Name:autofnasPF
2023-11-29 11:50:25,418 +0530 [main] INFO  (org.aia.pages.fonteva.membership.ContactCreateUser:234) - Users Last Name:autolnQNhT
2023-11-29 11:50:25,418 +0530 [main] INFO  (org.aia.pages.fonteva.membership.ContactCreateUser:243) - Email:auto_rajv11292023@architects-team.m8r.co
2023-11-29 11:56:43,735 +0530 [main] INFO  (org.aia.pages.fonteva.membership.ContactCreateUser:231) - Users First Name:autofnLBLp
2023-11-29 11:56:43,738 +0530 [main] INFO  (org.aia.pages.fonteva.membership.ContactCreateUser:234) - Users Last Name:autolnBrwN
2023-11-29 11:56:43,739 +0530 [main] INFO  (org.aia.pages.fonteva.membership.ContactCreateUser:243) - Email:auto_skdk11292023@architects-team.m8r.co
2023-11-29 12:08:05,564 +0530 [main] INFO  (org.aia.pages.fonteva.membership.ContactCreateUser:231) - Users First Name:autofnJjBR
2023-11-29 12:08:05,568 +0530 [main] INFO  (org.aia.pages.fonteva.membership.ContactCreateUser:234) - Users Last Name:autolnBUeM
2023-11-29 12:08:05,568 +0530 [main] INFO  (org.aia.pages.fonteva.membership.ContactCreateUser:243) - Email:auto_zgdo11292023@architects-team.m8r.co
2023-11-29 17:16:25,954 +0530 [main] INFO  (org.aia.pages.fonteva.membership.ContactCreateUser:228) - Users First Name:autofnErRV
2023-11-29 17:16:25,959 +0530 [main] INFO  (org.aia.pages.fonteva.membership.ContactCreateUser:231) - Users Last Name:autolnRZmC
2023-11-29 17:16:25,960 +0530 [main] INFO  (org.aia.pages.fonteva.membership.ContactCreateUser:240) - Email:auto_hiap11292023@architects-team.m8r.co
2023-11-29 17:23:23,736 +0530 [main] INFO  (org.aia.pages.fonteva.membership.ContactCreateUser:228) - Users First Name:autofnsemn
2023-11-29 17:23:23,750 +0530 [main] INFO  (org.aia.pages.fonteva.membership.ContactCreateUser:231) - Users Last Name:autolnMBum
2023-11-29 17:23:23,750 +0530 [main] INFO  (org.aia.pages.fonteva.membership.ContactCreateUser:240) - Email:auto_jbba11292023@architects-team.m8r.co
2023-11-29 17:28:11,376 +0530 [main] INFO  (org.aia.pages.fonteva.membership.ContactCreateUser:228) - Users First Name:autofniInn
2023-11-29 17:28:11,386 +0530 [main] INFO  (org.aia.pages.fonteva.membership.ContactCreateUser:231) - Users Last Name:autolnOYlr
2023-11-29 17:28:11,386 +0530 [main] INFO  (org.aia.pages.fonteva.membership.ContactCreateUser:240) - Email:auto_sfyz11292023@architects-team.m8r.co
2023-11-29 17:35:23,674 +0530 [main] INFO  (org.aia.pages.fonteva.membership.ContactCreateUser:228) - Users First Name:autofnTVOi
2023-11-29 17:35:23,674 +0530 [main] INFO  (org.aia.pages.fonteva.membership.ContactCreateUser:231) - Users Last Name:autolnqZXB
2023-11-29 17:35:23,674 +0530 [main] INFO  (org.aia.pages.fonteva.membership.ContactCreateUser:240) - Email:auto_jsnp11292023@architects-team.m8r.co
2023-11-29 17:47:49,520 +0530 [main] INFO  (org.aia.pages.fonteva.membership.ContactCreateUser:231) - Users First Name:autofnkBrE
2023-11-29 17:47:49,523 +0530 [main] INFO  (org.aia.pages.fonteva.membership.ContactCreateUser:234) - Users Last Name:autolnBPYx
2023-11-29 17:47:49,523 +0530 [main] INFO  (org.aia.pages.fonteva.membership.ContactCreateUser:243) - Email:auto_dulo11292023@architects-team.m8r.co
2023-11-29 17:54:18,693 +0530 [main] INFO  (org.aia.pages.fonteva.membership.ContactCreateUser:228) - Users First Name:autofnxvzs
2023-11-29 17:54:18,708 +0530 [main] INFO  (org.aia.pages.fonteva.membership.ContactCreateUser:231) - Users Last Name:autolnedtv
2023-11-29 17:54:18,708 +0530 [main] INFO  (org.aia.pages.fonteva.membership.ContactCreateUser:240) - Email:auto_oadm11292023@architects-team.m8r.co
2023-11-29 18:32:43,012 +0530 [main] INFO  (org.aia.pages.fonteva.membership.ContactCreateUser:228) - Users First Name:autofnnsft
2023-11-29 18:32:43,017 +0530 [main] INFO  (org.aia.pages.fonteva.membership.ContactCreateUser:231) - Users Last Name:autolnQdFk
2023-11-29 18:32:43,018 +0530 [main] INFO  (org.aia.pages.fonteva.membership.ContactCreateUser:240) - Email:auto_zohc11292023@architects-team.m8r.co
2023-11-29 18:39:19,720 +0530 [main] INFO  (org.aia.pages.fonteva.membership.ContactCreateUser:228) - Users First Name:autofnrxMr
2023-11-29 18:39:19,725 +0530 [main] INFO  (org.aia.pages.fonteva.membership.ContactCreateUser:231) - Users Last Name:autolnWagM
2023-11-29 18:39:19,726 +0530 [main] INFO  (org.aia.pages.fonteva.membership.ContactCreateUser:240) - Email:auto_pvxa11292023@architects-team.m8r.co
2023-11-29 20:05:20,121 +0530 [main] INFO  (org.aia.pages.fonteva.membership.ContactCreateUser:228) - Users First Name:autofnYyqX
2023-11-29 20:05:20,126 +0530 [main] INFO  (org.aia.pages.fonteva.membership.ContactCreateUser:231) - Users Last Name:autolnafOc
2023-11-29 20:05:20,127 +0530 [main] INFO  (org.aia.pages.fonteva.membership.ContactCreateUser:240) - Email:auto_lmwb11292023@architects-team.m8r.co
2023-11-30 20:03:36,515 +0530 [main] INFO  (org.aia.pages.fonteva.membership.ContactCreateUser:228) - Users First Name:autofnsodS
2023-11-30 20:03:36,523 +0530 [main] INFO  (org.aia.pages.fonteva.membership.ContactCreateUser:231) - Users Last Name:autolnhMoY
2023-11-30 20:03:36,524 +0530 [main] INFO  (org.aia.pages.fonteva.membership.ContactCreateUser:240) - Email:auto_wqnu11302023@architects-team.m8r.co
2023-12-04 15:15:07,629 +0530 [main] INFO  (org.aia.pages.fonteva.membership.ContactCreateUser:231) - Users First Name:autofnkULV
2023-12-04 15:15:07,629 +0530 [main] INFO  (org.aia.pages.fonteva.membership.ContactCreateUser:234) - Users Last Name:autolnfGiW
2023-12-04 15:15:07,629 +0530 [main] INFO  (org.aia.pages.fonteva.membership.ContactCreateUser:243) - Email:auto_utva12042023@architects-team.m8r.co
2023-12-04 15:23:13,036 +0530 [main] INFO  (org.aia.pages.fonteva.membership.ContactCreateUser:231) - Users First Name:autofnfvjW
2023-12-04 15:23:13,045 +0530 [main] INFO  (org.aia.pages.fonteva.membership.ContactCreateUser:234) - Users Last Name:autolnexsz
2023-12-04 15:23:13,047 +0530 [main] INFO  (org.aia.pages.fonteva.membership.ContactCreateUser:243) - Email:auto_oizv12042023@architects-team.m8r.co
2023-12-04 15:28:27,891 +0530 [main] INFO  (org.aia.pages.fonteva.membership.ContactCreateUser:231) - Users First Name:autofnuJWy
2023-12-04 15:28:27,891 +0530 [main] INFO  (org.aia.pages.fonteva.membership.ContactCreateUser:234) - Users Last Name:autolnrevT
2023-12-04 15:28:27,891 +0530 [main] INFO  (org.aia.pages.fonteva.membership.ContactCreateUser:243) - Email:auto_snfq12042023@architects-team.m8r.co
2023-12-04 15:43:14,477 +0530 [main] INFO  (org.aia.pages.fonteva.membership.ContactCreateUser:231) - Users First Name:autofnOoly
2023-12-04 15:43:14,477 +0530 [main] INFO  (org.aia.pages.fonteva.membership.ContactCreateUser:234) - Users Last Name:autolnBQJI
2023-12-04 15:43:14,477 +0530 [main] INFO  (org.aia.pages.fonteva.membership.ContactCreateUser:243) - Email:auto_yhnu12042023@architects-team.m8r.co
2023-12-04 15:51:56,297 +0530 [main] INFO  (org.aia.pages.fonteva.membership.ContactCreateUser:231) - Users First Name:autofnwOKt
2023-12-04 15:51:56,306 +0530 [main] INFO  (org.aia.pages.fonteva.membership.ContactCreateUser:234) - Users Last Name:autolniymF
2023-12-04 15:51:56,311 +0530 [main] INFO  (org.aia.pages.fonteva.membership.ContactCreateUser:243) - Email:auto_qfta12042023@architects-team.m8r.co
2023-12-04 15:54:43,742 +0530 [main] INFO  (org.aia.pages.fonteva.membership.ContactCreateUser:231) - Users First Name:autofneifU
2023-12-04 15:54:43,742 +0530 [main] INFO  (org.aia.pages.fonteva.membership.ContactCreateUser:234) - Users Last Name:autolnWvQs
2023-12-04 15:54:43,742 +0530 [main] INFO  (org.aia.pages.fonteva.membership.ContactCreateUser:243) - Email:auto_dczj12042023@architects-team.m8r.co
2023-12-04 16:06:33,952 +0530 [main] INFO  (org.aia.pages.fonteva.membership.ContactCreateUser:231) - Users First Name:autofnwkKK
2023-12-04 16:06:33,960 +0530 [main] INFO  (org.aia.pages.fonteva.membership.ContactCreateUser:234) - Users Last Name:autolnXLRI
2023-12-04 16:06:33,960 +0530 [main] INFO  (org.aia.pages.fonteva.membership.ContactCreateUser:243) - Email:auto_cltq12042023@architects-team.m8r.co
2023-12-04 16:18:33,118 +0530 [main] INFO  (org.aia.pages.fonteva.membership.ContactCreateUser:231) - Users First Name:autofnAaZI
2023-12-04 16:18:33,118 +0530 [main] INFO  (org.aia.pages.fonteva.membership.ContactCreateUser:234) - Users Last Name:autolnuQyr
2023-12-04 16:18:33,118 +0530 [main] INFO  (org.aia.pages.fonteva.membership.ContactCreateUser:243) - Email:auto_rjzu12042023@architects-team.m8r.co
2023-12-04 16:26:32,688 +0530 [main] INFO  (org.aia.pages.fonteva.membership.ContactCreateUser:231) - Users First Name:autofnHlJq
2023-12-04 16:26:32,704 +0530 [main] INFO  (org.aia.pages.fonteva.membership.ContactCreateUser:234) - Users Last Name:autolnuEmg
2023-12-04 16:26:32,704 +0530 [main] INFO  (org.aia.pages.fonteva.membership.ContactCreateUser:243) - Email:auto_etba12042023@architects-team.m8r.co
2023-12-04 17:11:44,761 +0530 [main] INFO  (org.aia.pages.fonteva.membership.ContactCreateUser:231) - Users First Name:autofnFnBe
2023-12-04 17:11:44,766 +0530 [main] INFO  (org.aia.pages.fonteva.membership.ContactCreateUser:234) - Users Last Name:autolnbTJR
2023-12-04 17:11:44,767 +0530 [main] INFO  (org.aia.pages.fonteva.membership.ContactCreateUser:243) - Email:auto_xjgd12042023@architects-team.m8r.co
2023-12-04 17:30:52,109 +0530 [main] INFO  (org.aia.pages.fonteva.membership.ContactCreateUser:231) - Users First Name:autofnsvPn
2023-12-04 17:30:52,119 +0530 [main] INFO  (org.aia.pages.fonteva.membership.ContactCreateUser:234) - Users Last Name:autolnTTPl
2023-12-04 17:30:52,120 +0530 [main] INFO  (org.aia.pages.fonteva.membership.ContactCreateUser:243) - Email:auto_xiiu12042023@architects-team.m8r.co
2023-12-04 17:52:29,926 +0530 [main] INFO  (org.aia.pages.fonteva.membership.ContactCreateUser:231) - Users First Name:autofnsYjX
2023-12-04 17:52:29,930 +0530 [main] INFO  (org.aia.pages.fonteva.membership.ContactCreateUser:234) - Users Last Name:autolnExLP
2023-12-04 17:52:29,931 +0530 [main] INFO  (org.aia.pages.fonteva.membership.ContactCreateUser:243) - Email:auto_oucr12042023@architects-team.m8r.co
2023-12-04 17:59:04,295 +0530 [main] INFO  (org.aia.pages.fonteva.membership.ContactCreateUser:231) - Users First Name:autofnpvbx
2023-12-04 17:59:04,301 +0530 [main] INFO  (org.aia.pages.fonteva.membership.ContactCreateUser:234) - Users Last Name:autolnaSBT
2023-12-04 17:59:04,303 +0530 [main] INFO  (org.aia.pages.fonteva.membership.ContactCreateUser:243) - Email:auto_kqgs12042023@architects-team.m8r.co
2023-12-04 18:23:46,941 +0530 [main] INFO  (org.aia.pages.fonteva.membership.ContactCreateUser:231) - Users First Name:autofnVGcS
2023-12-04 18:23:46,953 +0530 [main] INFO  (org.aia.pages.fonteva.membership.ContactCreateUser:234) - Users Last Name:autolnJpQX
2023-12-04 18:23:46,953 +0530 [main] INFO  (org.aia.pages.fonteva.membership.ContactCreateUser:243) - Email:auto_ypnr12042023@architects-team.m8r.co
2023-12-04 18:33:34,969 +0530 [main] INFO  (org.aia.pages.fonteva.membership.ContactCreateUser:231) - Users First Name:autofnpFXh
2023-12-04 18:33:34,969 +0530 [main] INFO  (org.aia.pages.fonteva.membership.ContactCreateUser:234) - Users Last Name:autolnhSpk
2023-12-04 18:33:34,976 +0530 [main] INFO  (org.aia.pages.fonteva.membership.ContactCreateUser:243) - Email:auto_dbpi12042023@architects-team.m8r.co
2023-12-04 19:00:45,623 +0530 [main] INFO  (org.aia.pages.fonteva.membership.ContactCreateUser:231) - Users First Name:autofnQNzf
2023-12-04 19:00:45,631 +0530 [main] INFO  (org.aia.pages.fonteva.membership.ContactCreateUser:234) - Users Last Name:autolnZiMR
2023-12-04 19:00:45,632 +0530 [main] INFO  (org.aia.pages.fonteva.membership.ContactCreateUser:243) - Email:auto_tddg12042023@architects-team.m8r.co
2023-12-04 19:25:03,450 +0530 [main] INFO  (org.aia.pages.fonteva.membership.ContactCreateUser:231) - Users First Name:autofnfYqv
2023-12-04 19:25:03,450 +0530 [main] INFO  (org.aia.pages.fonteva.membership.ContactCreateUser:234) - Users Last Name:autolnsCrV
2023-12-04 19:25:03,450 +0530 [main] INFO  (org.aia.pages.fonteva.membership.ContactCreateUser:243) - Email:auto_twco12042023@architects-team.m8r.co
2023-12-05 10:53:33,731 +0530 [main] INFO  (org.aia.pages.fonteva.membership.ContactCreateUser:231) - Users First Name:autofnTEUB
2023-12-05 10:53:33,735 +0530 [main] INFO  (org.aia.pages.fonteva.membership.ContactCreateUser:234) - Users Last Name:autolnTehd
2023-12-05 10:53:33,735 +0530 [main] INFO  (org.aia.pages.fonteva.membership.ContactCreateUser:243) - Email:auto_imej12052023@architects-team.m8r.co
2023-12-05 11:12:55,953 +0530 [main] INFO  (org.aia.pages.fonteva.membership.ContactCreateUser:231) - Users First Name:autofnlLok
2023-12-05 11:12:55,953 +0530 [main] INFO  (org.aia.pages.fonteva.membership.ContactCreateUser:234) - Users Last Name:autolnSQnk
2023-12-05 11:12:55,953 +0530 [main] INFO  (org.aia.pages.fonteva.membership.ContactCreateUser:243) - Email:auto_cmzx12052023@architects-team.m8r.co
2023-12-05 11:18:08,644 +0530 [main] INFO  (org.aia.pages.fonteva.membership.ContactCreateUser:231) - Users First Name:autofnrPbF
2023-12-05 11:18:08,644 +0530 [main] INFO  (org.aia.pages.fonteva.membership.ContactCreateUser:234) - Users Last Name:autolnoWNi
2023-12-05 11:18:08,644 +0530 [main] INFO  (org.aia.pages.fonteva.membership.ContactCreateUser:243) - Email:auto_qige12052023@architects-team.m8r.co
2023-12-05 11:25:22,985 +0530 [main] INFO  (org.aia.pages.fonteva.membership.ContactCreateUser:231) - Users First Name:autofngXGw
2023-12-05 11:25:22,985 +0530 [main] INFO  (org.aia.pages.fonteva.membership.ContactCreateUser:234) - Users Last Name:autolnVirA
2023-12-05 11:25:22,985 +0530 [main] INFO  (org.aia.pages.fonteva.membership.ContactCreateUser:243) - Email:auto_moyp12052023@architects-team.m8r.co
2023-12-05 11:30:08,157 +0530 [main] INFO  (org.aia.pages.fonteva.membership.ContactCreateUser:231) - Users First Name:autofnLnny
2023-12-05 11:30:08,163 +0530 [main] INFO  (org.aia.pages.fonteva.membership.ContactCreateUser:234) - Users Last Name:autolnMrYi
2023-12-05 11:30:08,164 +0530 [main] INFO  (org.aia.pages.fonteva.membership.ContactCreateUser:243) - Email:auto_rwsj12052023@architects-team.m8r.co
2023-12-05 11:35:46,518 +0530 [main] INFO  (org.aia.pages.fonteva.membership.ContactCreateUser:231) - Users First Name:autofnFGpK
2023-12-05 11:35:46,525 +0530 [main] INFO  (org.aia.pages.fonteva.membership.ContactCreateUser:234) - Users Last Name:autolnCuqG
2023-12-05 11:35:46,527 +0530 [main] INFO  (org.aia.pages.fonteva.membership.ContactCreateUser:243) - Email:auto_mhgo12052023@architects-team.m8r.co
2023-12-05 11:40:35,524 +0530 [main] INFO  (org.aia.pages.fonteva.membership.ContactCreateUser:231) - Users First Name:autofnroQf
2023-12-05 11:40:35,529 +0530 [main] INFO  (org.aia.pages.fonteva.membership.ContactCreateUser:234) - Users Last Name:autolnGdLN
2023-12-05 11:40:35,530 +0530 [main] INFO  (org.aia.pages.fonteva.membership.ContactCreateUser:243) - Email:auto_kytt12052023@architects-team.m8r.co
2023-12-05 11:48:12,904 +0530 [main] INFO  (org.aia.pages.fonteva.membership.ContactCreateUser:231) - Users First Name:autofnzMSx
2023-12-05 11:48:12,911 +0530 [main] INFO  (org.aia.pages.fonteva.membership.ContactCreateUser:234) - Users Last Name:autolnrgzy
2023-12-05 11:48:12,912 +0530 [main] INFO  (org.aia.pages.fonteva.membership.ContactCreateUser:243) - Email:auto_smmq12052023@architects-team.m8r.co
2023-12-05 12:01:54,240 +0530 [main] INFO  (org.aia.pages.fonteva.membership.ContactCreateUser:231) - Users First Name:autofnKZoc
2023-12-05 12:01:54,255 +0530 [main] INFO  (org.aia.pages.fonteva.membership.ContactCreateUser:234) - Users Last Name:autolnKZfl
2023-12-05 12:01:54,255 +0530 [main] INFO  (org.aia.pages.fonteva.membership.ContactCreateUser:243) - Email:auto_cvdi12052023@architects-team.m8r.co
2023-12-05 12:09:50,720 +0530 [main] INFO  (org.aia.pages.fonteva.membership.ContactCreateUser:231) - Users First Name:autofnUvju
2023-12-05 12:09:50,720 +0530 [main] INFO  (org.aia.pages.fonteva.membership.ContactCreateUser:234) - Users Last Name:autolnmzyf
2023-12-05 12:09:50,720 +0530 [main] INFO  (org.aia.pages.fonteva.membership.ContactCreateUser:243) - Email:auto_ibct12052023@architects-team.m8r.co
2023-12-05 12:18:01,710 +0530 [main] INFO  (org.aia.pages.fonteva.membership.ContactCreateUser:231) - Users First Name:autofnaDSx
2023-12-05 12:18:01,710 +0530 [main] INFO  (org.aia.pages.fonteva.membership.ContactCreateUser:234) - Users Last Name:autolnQtXx
2023-12-05 12:18:01,710 +0530 [main] INFO  (org.aia.pages.fonteva.membership.ContactCreateUser:243) - Email:auto_tkik12052023@architects-team.m8r.co
2023-12-05 12:23:16,984 +0530 [main] INFO  (org.aia.pages.fonteva.membership.ContactCreateUser:231) - Users First Name:autofnRaDe
2023-12-05 12:23:16,984 +0530 [main] INFO  (org.aia.pages.fonteva.membership.ContactCreateUser:234) - Users Last Name:autolnLHBk
2023-12-05 12:23:16,984 +0530 [main] INFO  (org.aia.pages.fonteva.membership.ContactCreateUser:243) - Email:auto_afih12052023@architects-team.m8r.co
2023-12-05 12:31:33,023 +0530 [main] INFO  (org.aia.pages.fonteva.membership.ContactCreateUser:231) - Users First Name:autofnwaNk
2023-12-05 12:31:33,031 +0530 [main] INFO  (org.aia.pages.fonteva.membership.ContactCreateUser:234) - Users Last Name:autolnNidV
2023-12-05 12:31:33,031 +0530 [main] INFO  (org.aia.pages.fonteva.membership.ContactCreateUser:243) - Email:auto_qudx12052023@architects-team.m8r.co
2023-12-05 12:43:22,667 +0530 [main] INFO  (org.aia.pages.fonteva.membership.ContactCreateUser:231) - Users First Name:autofniUzr
2023-12-05 12:43:22,683 +0530 [main] INFO  (org.aia.pages.fonteva.membership.ContactCreateUser:234) - Users Last Name:autolnxqQQ
2023-12-05 12:43:22,683 +0530 [main] INFO  (org.aia.pages.fonteva.membership.ContactCreateUser:243) - Email:auto_ljbp12052023@architects-team.m8r.co
2023-12-05 12:51:51,174 +0530 [main] INFO  (org.aia.pages.fonteva.membership.ContactCreateUser:231) - Users First Name:autofnHbuK
2023-12-05 12:51:51,174 +0530 [main] INFO  (org.aia.pages.fonteva.membership.ContactCreateUser:234) - Users Last Name:autolnhBSh
2023-12-05 12:51:51,174 +0530 [main] INFO  (org.aia.pages.fonteva.membership.ContactCreateUser:243) - Email:auto_gwct12052023@architects-team.m8r.co
>>>>>>> cbb209fe9e17105df7cf925dea73c59163e3fbb9
<<<<<<< HEAD
2023-12-24 22:03:27,377 +0530 [main] INFO  (org.aia.pages.fonteva.membership.ContactCreateUser:240) - Users First Name:autofnTmli
2023-12-24 22:03:27,388 +0530 [main] INFO  (org.aia.pages.fonteva.membership.ContactCreateUser:243) - Users Last Name:autolnEfPi
2023-12-24 22:03:27,388 +0530 [main] INFO  (org.aia.pages.fonteva.membership.ContactCreateUser:252) - Email:auto_utce12242023@architects-team.m8r.co
2023-12-24 22:10:02,228 +0530 [main] INFO  (org.aia.pages.fonteva.membership.ContactCreateUser:240) - Users First Name:autofnuxtC
2023-12-24 22:10:02,232 +0530 [main] INFO  (org.aia.pages.fonteva.membership.ContactCreateUser:243) - Users Last Name:autolnhHNN
2023-12-24 22:10:02,232 +0530 [main] INFO  (org.aia.pages.fonteva.membership.ContactCreateUser:252) - Email:auto_ylpx12242023@architects-team.m8r.co
2023-12-24 22:48:11,585 +0530 [main] INFO  (org.aia.pages.fonteva.membership.ContactCreateUser:240) - Users First Name:autofnfdxf
2023-12-24 22:48:11,590 +0530 [main] INFO  (org.aia.pages.fonteva.membership.ContactCreateUser:243) - Users Last Name:autolnlcNl
2023-12-24 22:48:11,591 +0530 [main] INFO  (org.aia.pages.fonteva.membership.ContactCreateUser:252) - Email:auto_jhdn12242023@architects-team.m8r.co
2023-12-24 22:55:06,329 +0530 [main] INFO  (org.aia.pages.fonteva.membership.ContactCreateUser:240) - Users First Name:autofnYXAx
2023-12-24 22:55:06,336 +0530 [main] INFO  (org.aia.pages.fonteva.membership.ContactCreateUser:243) - Users Last Name:autolnvQex
2023-12-24 22:55:06,337 +0530 [main] INFO  (org.aia.pages.fonteva.membership.ContactCreateUser:252) - Email:auto_ctoy12242023@architects-team.m8r.co
2023-12-24 23:31:55,107 +0530 [main] INFO  (org.aia.pages.fonteva.membership.ContactCreateUser:240) - Users First Name:autofnTVmC
2023-12-24 23:31:55,113 +0530 [main] INFO  (org.aia.pages.fonteva.membership.ContactCreateUser:243) - Users Last Name:autolnqaIA
2023-12-24 23:31:55,115 +0530 [main] INFO  (org.aia.pages.fonteva.membership.ContactCreateUser:252) - Email:auto_qeig12242023@architects-team.m8r.co
2023-12-24 23:39:02,814 +0530 [main] INFO  (org.aia.pages.fonteva.membership.ContactCreateUser:240) - Users First Name:autofngOFF
2023-12-24 23:39:02,821 +0530 [main] INFO  (org.aia.pages.fonteva.membership.ContactCreateUser:243) - Users Last Name:autolnAPxL
2023-12-24 23:39:02,822 +0530 [main] INFO  (org.aia.pages.fonteva.membership.ContactCreateUser:252) - Email:auto_jzty12242023@architects-team.m8r.co
2023-12-24 23:51:50,597 +0530 [main] INFO  (org.aia.pages.fonteva.membership.ContactCreateUser:240) - Users First Name:autofnCGdl
2023-12-24 23:51:50,623 +0530 [main] INFO  (org.aia.pages.fonteva.membership.ContactCreateUser:243) - Users Last Name:autolnRrYG
2023-12-24 23:51:50,625 +0530 [main] INFO  (org.aia.pages.fonteva.membership.ContactCreateUser:252) - Email:auto_fbhr12242023@architects-team.m8r.co
2023-12-24 23:54:56,699 +0530 [main] INFO  (org.aia.pages.fonteva.membership.ContactCreateUser:240) - Users First Name:autofnxoGP
2023-12-24 23:54:56,709 +0530 [main] INFO  (org.aia.pages.fonteva.membership.ContactCreateUser:243) - Users Last Name:autolnxxRE
2023-12-24 23:54:56,714 +0530 [main] INFO  (org.aia.pages.fonteva.membership.ContactCreateUser:252) - Email:auto_bexw12242023@architects-team.m8r.co
2023-12-25 10:24:36,507 +0530 [main] INFO  (org.aia.pages.fonteva.membership.ContactCreateUser:240) - Users First Name:autofneqsu
2023-12-25 10:24:36,512 +0530 [main] INFO  (org.aia.pages.fonteva.membership.ContactCreateUser:243) - Users Last Name:autolnKhHh
2023-12-25 10:24:36,512 +0530 [main] INFO  (org.aia.pages.fonteva.membership.ContactCreateUser:252) - Email:auto_ogcq12252023@architects-team.m8r.co
2023-12-25 10:37:44,399 +0530 [main] INFO  (org.aia.pages.fonteva.membership.ContactCreateUser:240) - Users First Name:autofngoQl
2023-12-25 10:37:44,474 +0530 [main] INFO  (org.aia.pages.fonteva.membership.ContactCreateUser:243) - Users Last Name:autolnoMSf
2023-12-25 10:37:44,491 +0530 [main] INFO  (org.aia.pages.fonteva.membership.ContactCreateUser:252) - Email:auto_xthk12252023@architects-team.m8r.co
2023-12-25 11:13:04,449 +0530 [main] INFO  (org.aia.pages.fonteva.membership.ContactCreateUser:240) - Users First Name:autofnyLoC
2023-12-25 11:13:04,484 +0530 [main] INFO  (org.aia.pages.fonteva.membership.ContactCreateUser:243) - Users Last Name:autolnOwbk
2023-12-25 11:13:04,489 +0530 [main] INFO  (org.aia.pages.fonteva.membership.ContactCreateUser:252) - Email:auto_ogxg12252023@architects-team.m8r.co
2023-12-25 11:56:58,745 +0530 [main] INFO  (org.aia.pages.fonteva.membership.ContactCreateUser:240) - Users First Name:autofnfuVW
2023-12-25 11:56:58,772 +0530 [main] INFO  (org.aia.pages.fonteva.membership.ContactCreateUser:243) - Users Last Name:autolnUuMJ
2023-12-25 11:56:58,784 +0530 [main] INFO  (org.aia.pages.fonteva.membership.ContactCreateUser:252) - Email:auto_dcst12252023@architects-team.m8r.co
2023-12-25 12:12:15,524 +0530 [main] INFO  (org.aia.pages.fonteva.membership.ContactCreateUser:240) - Users First Name:autofnsDKV
2023-12-25 12:12:15,585 +0530 [main] INFO  (org.aia.pages.fonteva.membership.ContactCreateUser:243) - Users Last Name:autolnqJsL
2023-12-25 12:12:15,586 +0530 [main] INFO  (org.aia.pages.fonteva.membership.ContactCreateUser:252) - Email:auto_wdhv12252023@architects-team.m8r.co
2023-12-25 12:21:39,633 +0530 [main] INFO  (org.aia.pages.fonteva.membership.ContactCreateUser:240) - Users First Name:autofnXktL
2023-12-25 12:21:39,645 +0530 [main] INFO  (org.aia.pages.fonteva.membership.ContactCreateUser:243) - Users Last Name:autolnuhdj
2023-12-25 12:21:39,650 +0530 [main] INFO  (org.aia.pages.fonteva.membership.ContactCreateUser:252) - Email:auto_xarh12252023@architects-team.m8r.co
2023-12-25 16:21:44,878 +0530 [main] INFO  (org.aia.pages.fonteva.membership.ContactCreateUser:240) - Users First Name:autofnZmZz
2023-12-25 16:21:44,898 +0530 [main] INFO  (org.aia.pages.fonteva.membership.ContactCreateUser:243) - Users Last Name:autolnrxoI
2023-12-25 16:21:44,898 +0530 [main] INFO  (org.aia.pages.fonteva.membership.ContactCreateUser:252) - Email:auto_yxad12252023@architects-team.m8r.co
2023-12-25 16:34:39,146 +0530 [main] INFO  (org.aia.pages.fonteva.membership.ContactCreateUser:240) - Users First Name:autofnenfb
2023-12-25 16:34:39,163 +0530 [main] INFO  (org.aia.pages.fonteva.membership.ContactCreateUser:243) - Users Last Name:autolnVQvR
2023-12-25 16:34:39,165 +0530 [main] INFO  (org.aia.pages.fonteva.membership.ContactCreateUser:252) - Email:auto_rdmy12252023@architects-team.m8r.co
2023-12-26 13:34:19,557 +0530 [main] INFO  (org.aia.pages.fonteva.membership.ContactCreateUser:240) - Users First Name:autofnYYLN
2023-12-26 13:34:19,575 +0530 [main] INFO  (org.aia.pages.fonteva.membership.ContactCreateUser:243) - Users Last Name:autolnesgf
2023-12-26 13:34:19,585 +0530 [main] INFO  (org.aia.pages.fonteva.membership.ContactCreateUser:252) - Email:auto_abod12262023@architects-team.m8r.co
2023-12-26 23:26:57,992 +0530 [main] INFO  (org.aia.pages.fonteva.membership.ContactCreateUser:240) - Users First Name:autofnfmVq
2023-12-26 23:26:58,003 +0530 [main] INFO  (org.aia.pages.fonteva.membership.ContactCreateUser:243) - Users Last Name:autolndOAy
2023-12-26 23:26:58,003 +0530 [main] INFO  (org.aia.pages.fonteva.membership.ContactCreateUser:252) - Email:auto_gegv12262023@architects-team.m8r.co
2023-12-26 23:36:34,637 +0530 [main] INFO  (org.aia.pages.fonteva.membership.ContactCreateUser:240) - Users First Name:autofnevWA
2023-12-26 23:36:34,645 +0530 [main] INFO  (org.aia.pages.fonteva.membership.ContactCreateUser:243) - Users Last Name:autolnUuYx
2023-12-26 23:36:34,646 +0530 [main] INFO  (org.aia.pages.fonteva.membership.ContactCreateUser:252) - Email:auto_tiwe12262023@architects-team.m8r.co
2023-12-27 00:04:49,339 +0530 [main] INFO  (org.aia.pages.fonteva.membership.ContactCreateUser:240) - Users First Name:autofnqnLv
2023-12-27 00:04:49,456 +0530 [main] INFO  (org.aia.pages.fonteva.membership.ContactCreateUser:243) - Users Last Name:autolnRjth
2023-12-27 00:04:49,460 +0530 [main] INFO  (org.aia.pages.fonteva.membership.ContactCreateUser:252) - Email:auto_ukie12272023@architects-team.m8r.co
2023-12-27 00:15:20,473 +0530 [main] INFO  (org.aia.pages.fonteva.membership.ContactCreateUser:240) - Users First Name:autofniMSR
2023-12-27 00:15:20,551 +0530 [main] INFO  (org.aia.pages.fonteva.membership.ContactCreateUser:243) - Users Last Name:autolnMtQF
2023-12-27 00:15:20,557 +0530 [main] INFO  (org.aia.pages.fonteva.membership.ContactCreateUser:252) - Email:auto_whlf12272023@architects-team.m8r.co
2023-12-27 00:26:40,347 +0530 [main] INFO  (org.aia.pages.fonteva.membership.ContactCreateUser:240) - Users First Name:autofnOFSf
2023-12-27 00:26:40,437 +0530 [main] INFO  (org.aia.pages.fonteva.membership.ContactCreateUser:243) - Users Last Name:autolnmzHt
2023-12-27 00:26:40,541 +0530 [main] INFO  (org.aia.pages.fonteva.membership.ContactCreateUser:252) - Email:auto_kxzb12272023@architects-team.m8r.co
2023-12-27 00:42:48,060 +0530 [main] INFO  (org.aia.pages.fonteva.membership.ContactCreateUser:240) - Users First Name:autofnPqjq
2023-12-27 00:42:48,107 +0530 [main] INFO  (org.aia.pages.fonteva.membership.ContactCreateUser:243) - Users Last Name:autolncenq
2023-12-27 00:42:48,121 +0530 [main] INFO  (org.aia.pages.fonteva.membership.ContactCreateUser:252) - Email:auto_kgwm12272023@architects-team.m8r.co
2023-12-27 09:57:43,124 +0530 [main] INFO  (org.aia.pages.fonteva.membership.ContactCreateUser:240) - Users First Name:autofnyVEg
2023-12-27 09:57:43,129 +0530 [main] INFO  (org.aia.pages.fonteva.membership.ContactCreateUser:243) - Users Last Name:autolnEKKv
2023-12-27 09:57:43,132 +0530 [main] INFO  (org.aia.pages.fonteva.membership.ContactCreateUser:252) - Email:auto_sutz12272023@architects-team.m8r.co
2023-12-27 10:13:09,616 +0530 [main] INFO  (org.aia.pages.fonteva.membership.ContactCreateUser:240) - Users First Name:autofnjbTN
2023-12-27 10:13:09,622 +0530 [main] INFO  (org.aia.pages.fonteva.membership.ContactCreateUser:243) - Users Last Name:autolnHvRg
2023-12-27 10:13:09,623 +0530 [main] INFO  (org.aia.pages.fonteva.membership.ContactCreateUser:252) - Email:auto_zgjo12272023@architects-team.m8r.co
2023-12-27 10:22:43,403 +0530 [main] INFO  (org.aia.pages.fonteva.membership.ContactCreateUser:240) - Users First Name:autofnSdLv
2023-12-27 10:22:43,414 +0530 [main] INFO  (org.aia.pages.fonteva.membership.ContactCreateUser:243) - Users Last Name:autolnweTU
2023-12-27 10:22:43,414 +0530 [main] INFO  (org.aia.pages.fonteva.membership.ContactCreateUser:252) - Email:auto_ywka12272023@architects-team.m8r.co
2023-12-27 10:54:16,552 +0530 [main] INFO  (org.aia.pages.fonteva.membership.ContactCreateUser:240) - Users First Name:autofnsxMx
2023-12-27 10:54:16,552 +0530 [main] INFO  (org.aia.pages.fonteva.membership.ContactCreateUser:243) - Users Last Name:autolntRFh
2023-12-27 10:54:16,552 +0530 [main] INFO  (org.aia.pages.fonteva.membership.ContactCreateUser:252) - Email:auto_pdrm12272023@architects-team.m8r.co
2023-12-27 11:16:12,593 +0530 [main] INFO  (org.aia.pages.fonteva.membership.ContactCreateUser:240) - Users First Name:autofnVzkN
2023-12-27 11:16:12,605 +0530 [main] INFO  (org.aia.pages.fonteva.membership.ContactCreateUser:243) - Users Last Name:autolnTKnv
2023-12-27 11:16:12,608 +0530 [main] INFO  (org.aia.pages.fonteva.membership.ContactCreateUser:252) - Email:auto_reba12272023@architects-team.m8r.co
2023-12-27 11:32:22,689 +0530 [main] INFO  (org.aia.pages.fonteva.membership.ContactCreateUser:240) - Users First Name:autofnLjoB
2023-12-27 11:32:22,774 +0530 [main] INFO  (org.aia.pages.fonteva.membership.ContactCreateUser:243) - Users Last Name:autolnvEqS
2023-12-27 11:32:22,785 +0530 [main] INFO  (org.aia.pages.fonteva.membership.ContactCreateUser:252) - Email:auto_wpjm12272023@architects-team.m8r.co
2023-12-27 11:52:11,055 +0530 [main] INFO  (org.aia.pages.fonteva.membership.ContactCreateUser:240) - Users First Name:autofniOIb
2023-12-27 11:52:11,166 +0530 [main] INFO  (org.aia.pages.fonteva.membership.ContactCreateUser:243) - Users Last Name:autolnBlQe
2023-12-27 11:52:11,174 +0530 [main] INFO  (org.aia.pages.fonteva.membership.ContactCreateUser:252) - Email:auto_exbs12272023@architects-team.m8r.co
2023-12-27 12:51:50,309 +0530 [main] INFO  (org.aia.pages.fonteva.membership.ContactCreateUser:240) - Users First Name:autofnPzWm
2023-12-27 12:51:50,341 +0530 [main] INFO  (org.aia.pages.fonteva.membership.ContactCreateUser:243) - Users Last Name:autolnZaFM
2023-12-27 12:51:50,422 +0530 [main] INFO  (org.aia.pages.fonteva.membership.ContactCreateUser:252) - Email:auto_jepi12272023@architects-team.m8r.co
2023-12-27 13:42:59,564 +0530 [main] INFO  (org.aia.pages.fonteva.membership.ContactCreateUser:240) - Users First Name:autofnFWam
2023-12-27 13:42:59,589 +0530 [main] INFO  (org.aia.pages.fonteva.membership.ContactCreateUser:243) - Users Last Name:autolnsjfd
2023-12-27 13:42:59,597 +0530 [main] INFO  (org.aia.pages.fonteva.membership.ContactCreateUser:252) - Email:auto_veqs12272023@architects-team.m8r.co
2023-12-27 13:55:18,263 +0530 [main] INFO  (org.aia.pages.fonteva.membership.ContactCreateUser:240) - Users First Name:autofnnXue
2023-12-27 13:55:18,270 +0530 [main] INFO  (org.aia.pages.fonteva.membership.ContactCreateUser:243) - Users Last Name:autolnsGsr
2023-12-27 13:55:18,271 +0530 [main] INFO  (org.aia.pages.fonteva.membership.ContactCreateUser:252) - Email:auto_dfgq12272023@architects-team.m8r.co
2023-12-27 14:03:25,572 +0530 [main] INFO  (org.aia.pages.fonteva.membership.ContactCreateUser:240) - Users First Name:autofnBCqP
2023-12-27 14:03:25,583 +0530 [main] INFO  (org.aia.pages.fonteva.membership.ContactCreateUser:243) - Users Last Name:autolnXfTM
2023-12-27 14:03:25,587 +0530 [main] INFO  (org.aia.pages.fonteva.membership.ContactCreateUser:252) - Email:auto_gund12272023@architects-team.m8r.co
2023-12-27 15:14:38,917 +0530 [main] INFO  (org.aia.pages.fonteva.membership.ContactCreateUser:240) - Users First Name:autofnlahj
2023-12-27 15:14:38,930 +0530 [main] INFO  (org.aia.pages.fonteva.membership.ContactCreateUser:243) - Users Last Name:autolnRZKE
2023-12-27 15:14:38,931 +0530 [main] INFO  (org.aia.pages.fonteva.membership.ContactCreateUser:252) - Email:auto_tjgo12272023@architects-team.m8r.co
2023-12-27 16:21:46,015 +0530 [main] INFO  (org.aia.pages.fonteva.membership.ContactCreateUser:240) - Users First Name:autofnqGme
2023-12-27 16:21:46,023 +0530 [main] INFO  (org.aia.pages.fonteva.membership.ContactCreateUser:243) - Users Last Name:autolnOFRa
2023-12-27 16:21:46,029 +0530 [main] INFO  (org.aia.pages.fonteva.membership.ContactCreateUser:252) - Email:auto_tdzd12272023@architects-team.m8r.co
2023-12-27 17:36:24,152 +0530 [main] INFO  (org.aia.pages.fonteva.membership.ContactCreateUser:240) - Users First Name:autofnesJi
2023-12-27 17:36:24,161 +0530 [main] INFO  (org.aia.pages.fonteva.membership.ContactCreateUser:243) - Users Last Name:autolntbBS
2023-12-27 17:36:24,163 +0530 [main] INFO  (org.aia.pages.fonteva.membership.ContactCreateUser:252) - Email:auto_fpax12272023@architects-team.m8r.co
2023-12-27 17:42:20,516 +0530 [main] INFO  (org.aia.pages.fonteva.membership.ContactCreateUser:240) - Users First Name:autofniPJw
2023-12-27 17:42:20,522 +0530 [main] INFO  (org.aia.pages.fonteva.membership.ContactCreateUser:243) - Users Last Name:autolnRbKj
2023-12-27 17:42:20,523 +0530 [main] INFO  (org.aia.pages.fonteva.membership.ContactCreateUser:252) - Email:auto_ixbo12272023@architects-team.m8r.co
2023-12-27 18:31:17,717 +0530 [main] INFO  (org.aia.pages.fonteva.membership.ContactCreateUser:240) - Users First Name:autofnEKbF
2023-12-27 18:31:17,717 +0530 [main] INFO  (org.aia.pages.fonteva.membership.ContactCreateUser:243) - Users Last Name:autolnOmbN
2023-12-27 18:31:17,717 +0530 [main] INFO  (org.aia.pages.fonteva.membership.ContactCreateUser:252) - Email:auto_hgsj12272023@architects-team.m8r.co
2023-12-27 20:11:59,611 +0530 [main] INFO  (org.aia.pages.fonteva.membership.ContactCreateUser:240) - Users First Name:autofnCBER
2023-12-27 20:11:59,611 +0530 [main] INFO  (org.aia.pages.fonteva.membership.ContactCreateUser:243) - Users Last Name:autolnapfw
2023-12-27 20:11:59,627 +0530 [main] INFO  (org.aia.pages.fonteva.membership.ContactCreateUser:252) - Email:auto_puzj12272023@architects-team.m8r.co
2023-12-27 20:54:45,395 +0530 [main] INFO  (org.aia.pages.fonteva.membership.ContactCreateUser:240) - Users First Name:autofnXTcm
2023-12-27 20:54:45,403 +0530 [main] INFO  (org.aia.pages.fonteva.membership.ContactCreateUser:243) - Users Last Name:autolnzEnl
2023-12-27 20:54:45,405 +0530 [main] INFO  (org.aia.pages.fonteva.membership.ContactCreateUser:252) - Email:auto_ojab12272023@architects-team.m8r.co
2023-12-27 21:33:58,940 +0530 [main] INFO  (org.aia.pages.fonteva.membership.ContactCreateUser:240) - Users First Name:autofnwGup
2023-12-27 21:33:58,942 +0530 [main] INFO  (org.aia.pages.fonteva.membership.ContactCreateUser:243) - Users Last Name:autolnDjIB
2023-12-27 21:33:58,943 +0530 [main] INFO  (org.aia.pages.fonteva.membership.ContactCreateUser:252) - Email:auto_zcqh12272023@architects-team.m8r.co
2023-12-27 21:52:08,783 +0530 [main] INFO  (org.aia.pages.fonteva.membership.ContactCreateUser:240) - Users First Name:autofnbnpi
2023-12-27 21:52:08,786 +0530 [main] INFO  (org.aia.pages.fonteva.membership.ContactCreateUser:243) - Users Last Name:autolnnUFH
2023-12-27 21:52:08,787 +0530 [main] INFO  (org.aia.pages.fonteva.membership.ContactCreateUser:252) - Email:auto_kkqv12272023@architects-team.m8r.co
2023-12-27 23:17:45,886 +0530 [main] INFO  (org.aia.pages.fonteva.membership.ContactCreateUser:240) - Users First Name:autofnLoxW
2023-12-27 23:17:45,889 +0530 [main] INFO  (org.aia.pages.fonteva.membership.ContactCreateUser:243) - Users Last Name:autolnDghk
2023-12-27 23:17:45,892 +0530 [main] INFO  (org.aia.pages.fonteva.membership.ContactCreateUser:252) - Email:auto_egnz12272023@architects-team.m8r.co
2023-12-27 23:31:30,932 +0530 [main] INFO  (org.aia.pages.fonteva.membership.ContactCreateUser:240) - Users First Name:autofnEkxc
2023-12-27 23:31:30,935 +0530 [main] INFO  (org.aia.pages.fonteva.membership.ContactCreateUser:243) - Users Last Name:autolnBtXF
2023-12-27 23:31:30,937 +0530 [main] INFO  (org.aia.pages.fonteva.membership.ContactCreateUser:252) - Email:auto_ovpn12272023@architects-team.m8r.co
2023-12-27 23:34:44,527 +0530 [main] INFO  (org.aia.pages.fonteva.membership.ContactCreateUser:240) - Users First Name:autofnvRpP
2023-12-27 23:34:44,532 +0530 [main] INFO  (org.aia.pages.fonteva.membership.ContactCreateUser:243) - Users Last Name:autolntUCs
2023-12-27 23:34:44,532 +0530 [main] INFO  (org.aia.pages.fonteva.membership.ContactCreateUser:252) - Email:auto_nwgz12272023@architects-team.m8r.co
2023-12-28 12:29:21,470 +0530 [main] INFO  (org.aia.pages.fonteva.membership.ContactCreateUser:240) - Users First Name:autofnAvqN
2023-12-28 12:29:21,474 +0530 [main] INFO  (org.aia.pages.fonteva.membership.ContactCreateUser:243) - Users Last Name:autolnnveA
2023-12-28 12:29:21,476 +0530 [main] INFO  (org.aia.pages.fonteva.membership.ContactCreateUser:252) - Email:auto_fruc12282023@architects-team.m8r.co
2023-12-28 12:45:47,293 +0530 [main] INFO  (org.aia.pages.fonteva.membership.ContactCreateUser:240) - Users First Name:autofnBPYv
2023-12-28 12:45:47,309 +0530 [main] INFO  (org.aia.pages.fonteva.membership.ContactCreateUser:243) - Users Last Name:autolnIbdU
2023-12-28 12:45:47,309 +0530 [main] INFO  (org.aia.pages.fonteva.membership.ContactCreateUser:252) - Email:auto_ebfl12282023@architects-team.m8r.co
2023-12-28 13:00:44,177 +0530 [main] INFO  (org.aia.pages.fonteva.membership.ContactCreateUser:240) - Users First Name:autofnOsPT
2023-12-28 13:00:44,184 +0530 [main] INFO  (org.aia.pages.fonteva.membership.ContactCreateUser:243) - Users Last Name:autolnyuei
2023-12-28 13:00:44,185 +0530 [main] INFO  (org.aia.pages.fonteva.membership.ContactCreateUser:252) - Email:auto_szah12282023@architects-team.m8r.co
2023-12-28 18:00:44,858 +0530 [main] INFO  (org.aia.pages.fonteva.membership.ContactCreateUser:240) - Users First Name:autofnGszC
2023-12-28 18:00:44,868 +0530 [main] INFO  (org.aia.pages.fonteva.membership.ContactCreateUser:243) - Users Last Name:autolndNSr
2023-12-28 18:00:44,868 +0530 [main] INFO  (org.aia.pages.fonteva.membership.ContactCreateUser:252) - Email:auto_cirb12282023@architects-team.m8r.co
2023-12-28 18:15:46,507 +0530 [main] INFO  (org.aia.pages.fonteva.membership.ContactCreateUser:240) - Users First Name:autofnfqcL
2023-12-28 18:15:46,510 +0530 [main] INFO  (org.aia.pages.fonteva.membership.ContactCreateUser:243) - Users Last Name:autolngRcE
2023-12-28 18:15:46,510 +0530 [main] INFO  (org.aia.pages.fonteva.membership.ContactCreateUser:252) - Email:auto_zset12282023@architects-team.m8r.co
2024-01-01 14:29:32,974 +0530 [main] INFO  (org.aia.pages.fonteva.membership.ContactCreateUser:240) - Users First Name:autofnWnXv
2024-01-01 14:29:32,992 +0530 [main] INFO  (org.aia.pages.fonteva.membership.ContactCreateUser:243) - Users Last Name:autolnizxy
2024-01-01 14:29:32,994 +0530 [main] INFO  (org.aia.pages.fonteva.membership.ContactCreateUser:252) - Email:auto_iglw01012024@architects-team.m8r.co
2024-01-01 14:40:42,731 +0530 [main] INFO  (org.aia.pages.fonteva.membership.ContactCreateUser:240) - Users First Name:autofnvdZs
2024-01-01 14:40:42,733 +0530 [main] INFO  (org.aia.pages.fonteva.membership.ContactCreateUser:243) - Users Last Name:autolnnZQI
2024-01-01 14:40:42,740 +0530 [main] INFO  (org.aia.pages.fonteva.membership.ContactCreateUser:252) - Email:auto_fnnu01012024@architects-team.m8r.co
2024-01-01 14:52:12,971 +0530 [main] INFO  (org.aia.pages.fonteva.membership.ContactCreateUser:240) - Users First Name:autofndZTx
2024-01-01 14:52:12,974 +0530 [main] INFO  (org.aia.pages.fonteva.membership.ContactCreateUser:243) - Users Last Name:autolnvJzi
2024-01-01 14:52:12,975 +0530 [main] INFO  (org.aia.pages.fonteva.membership.ContactCreateUser:252) - Email:auto_mhct01012024@architects-team.m8r.co
2024-01-01 15:50:00,298 +0530 [main] INFO  (org.aia.pages.fonteva.membership.ContactCreateUser:240) - Users First Name:autofnLamL
2024-01-01 15:50:00,313 +0530 [main] INFO  (org.aia.pages.fonteva.membership.ContactCreateUser:243) - Users Last Name:autolnffZN
2024-01-01 15:50:00,313 +0530 [main] INFO  (org.aia.pages.fonteva.membership.ContactCreateUser:252) - Email:auto_ugfg01012024@architects-team.m8r.co
2024-01-01 18:11:55,112 +0530 [main] INFO  (org.aia.pages.fonteva.membership.ContactCreateUser:240) - Users First Name:autofnvtxr
2024-01-01 18:11:55,118 +0530 [main] INFO  (org.aia.pages.fonteva.membership.ContactCreateUser:243) - Users Last Name:autolnFOpK
2024-01-01 18:11:55,118 +0530 [main] INFO  (org.aia.pages.fonteva.membership.ContactCreateUser:252) - Email:auto_qfij01012024@architects-team.m8r.co
2024-01-01 18:16:47,833 +0530 [main] INFO  (org.aia.pages.fonteva.membership.ContactCreateUser:240) - Users First Name:autofnzjAx
2024-01-01 18:16:47,844 +0530 [main] INFO  (org.aia.pages.fonteva.membership.ContactCreateUser:243) - Users Last Name:autolnruFo
2024-01-01 18:16:47,844 +0530 [main] INFO  (org.aia.pages.fonteva.membership.ContactCreateUser:252) - Email:auto_ospf01012024@architects-team.m8r.co
2024-01-02 10:58:56,237 +0530 [main] INFO  (org.aia.pages.fonteva.membership.ContactCreateUser:240) - Users First Name:autofnluSK
2024-01-02 10:58:56,254 +0530 [main] INFO  (org.aia.pages.fonteva.membership.ContactCreateUser:243) - Users Last Name:autolnAcRe
2024-01-02 10:58:56,254 +0530 [main] INFO  (org.aia.pages.fonteva.membership.ContactCreateUser:252) - Email:auto_kuza01022024@architects-team.m8r.co
2024-01-02 13:24:32,123 +0530 [main] INFO  (org.aia.pages.fonteva.membership.ContactCreateUser:240) - Users First Name:autofnmIcO
2024-01-02 13:24:32,135 +0530 [main] INFO  (org.aia.pages.fonteva.membership.ContactCreateUser:243) - Users Last Name:autolnqjms
2024-01-02 13:24:32,136 +0530 [main] INFO  (org.aia.pages.fonteva.membership.ContactCreateUser:252) - Email:auto_xsxt01022024@architects-team.m8r.co
2024-01-02 16:29:22,799 +0530 [main] INFO  (org.aia.pages.fonteva.membership.ContactCreateUser:240) - Users First Name:autofnozDM
2024-01-02 16:29:22,806 +0530 [main] INFO  (org.aia.pages.fonteva.membership.ContactCreateUser:243) - Users Last Name:autolnDdsr
2024-01-02 16:29:22,806 +0530 [main] INFO  (org.aia.pages.fonteva.membership.ContactCreateUser:252) - Email:auto_usof01022024@architects-team.m8r.co
2024-01-02 16:39:16,896 +0530 [main] INFO  (org.aia.pages.fonteva.membership.ContactCreateUser:240) - Users First Name:autofnmkKN
2024-01-02 16:39:16,906 +0530 [main] INFO  (org.aia.pages.fonteva.membership.ContactCreateUser:243) - Users Last Name:autolnigdy
2024-01-02 16:39:16,908 +0530 [main] INFO  (org.aia.pages.fonteva.membership.ContactCreateUser:252) - Email:auto_vtqi01022024@architects-team.m8r.co
2024-01-02 17:55:27,958 +0530 [main] INFO  (org.aia.pages.fonteva.membership.ContactCreateUser:240) - Users First Name:autofnQLSO
2024-01-02 17:55:27,966 +0530 [main] INFO  (org.aia.pages.fonteva.membership.ContactCreateUser:243) - Users Last Name:autolnOVsA
2024-01-02 17:55:27,968 +0530 [main] INFO  (org.aia.pages.fonteva.membership.ContactCreateUser:252) - Email:auto_esjq01022024@architects-team.m8r.co
2024-01-02 18:21:47,917 +0530 [main] INFO  (org.aia.pages.fonteva.membership.ContactCreateUser:240) - Users First Name:autofnyemb
2024-01-02 18:21:47,936 +0530 [main] INFO  (org.aia.pages.fonteva.membership.ContactCreateUser:243) - Users Last Name:autolnWpwJ
2024-01-02 18:21:47,938 +0530 [main] INFO  (org.aia.pages.fonteva.membership.ContactCreateUser:252) - Email:auto_jbsy01022024@architects-team.m8r.co
2024-01-02 19:03:05,419 +0530 [main] INFO  (org.aia.pages.fonteva.membership.ContactCreateUser:240) - Users First Name:autofnPLSX
2024-01-02 19:03:05,435 +0530 [main] INFO  (org.aia.pages.fonteva.membership.ContactCreateUser:243) - Users Last Name:autolnhWak
2024-01-02 19:03:05,442 +0530 [main] INFO  (org.aia.pages.fonteva.membership.ContactCreateUser:252) - Email:auto_keib01022024@architects-team.m8r.co

